<?xml version="1.0" encoding="UTF-8"?>
<testng-results ignored="0" total="1" passed="1" failed="0" skipped="0">
  <reporter-output>
  </reporter-output>
  <suite started-at="2025-04-18T14:22:31 IST" name="Surefire suite" finished-at="2025-04-18T14:22:44 IST" duration-ms="12904">
    <groups>
    </groups>
    <test started-at="2025-04-18T14:22:31 IST" name="Surefire test" finished-at="2025-04-18T14:22:44 IST" duration-ms="12904">
      <class name="Demo.LoginTest">
        <test-method is-config="true" signature="start()[pri:0, instance:Demo.LoginTest@4df50bcc]" started-at="2025-04-18T14:22:31 IST" name="start" finished-at="2025-04-18T14:22:33 IST" duration-ms="2205" status="PASS">
          <reporter-output>
          </reporter-output>
        </test-method> <!-- start -->
        <test-method signature="test()[pri:0, instance:Demo.LoginTest@4df50bcc]" started-at="2025-04-18T14:22:33 IST" name="test" finished-at="2025-04-18T14:22:44 IST" duration-ms="10590" status="PASS">
          <reporter-output>
          </reporter-output>
        </test-method> <!-- test -->
        <test-method is-config="true" signature="tearDown()[pri:0, instance:Demo.LoginTest@4df50bcc]" started-at="2025-04-18T14:22:44 IST" name="tearDown" finished-at="2025-04-18T14:22:44 IST" duration-ms="97" status="PASS">
          <reporter-output>
          </reporter-output>
        </test-method> <!-- tearDown -->
      </class> <!-- Demo.LoginTest -->
    </test> <!-- Surefire test -->
  </suite> <!-- Surefire suite -->
</testng-results>
